2025-07-15 12:14:12 [32minfo[39m: Low stock cron job scheduled.
2025-07-15 12:38:59 [32minfo[39m: Low stock cron job scheduled.
2025-07-15 12:46:00 [32minfo[39m: Low stock cron job scheduled.
2025-07-15 12:48:35 [32minfo[39m: Low stock cron job scheduled.
2025-07-15 12:48:51 [32minfo[39m: Low stock cron job scheduled.
2025-07-15 13:00:00 [32minfo[39m: Running low stock check...
2025-07-15 13:00:00 [32minfo[39m: Running low stock check...
2025-07-15 13:00:00 [32minfo[39m: No low stock products found.
2025-07-15 13:06:15 [32minfo[39m: Low stock cron job scheduled.
2025-07-15 13:25:07 [32minfo[39m: Low stock cron job scheduled.
2025-07-15 13:25:16 [32minfo[39m: Low stock cron job scheduled.
2025-07-15 13:25:56 [32minfo[39m: Low stock cron job scheduled.
2025-07-15 13:27:17 [32minfo[39m: Low stock cron job scheduled.
2025-07-15 13:27:25 [32minfo[39m: Low stock cron job scheduled.
2025-07-15 13:43:05 [32minfo[39m: Low stock cron job scheduled.
2025-07-15 13:43:12 [32minfo[39m: Low stock cron job scheduled.
2025-07-15 13:44:10 [32minfo[39m: Low stock cron job scheduled.
2025-07-15 13:47:36 [32minfo[39m: Low stock cron job scheduled.
2025-07-15 13:47:50 [32minfo[39m: Low stock cron job scheduled.
2025-07-15 13:48:57 [32minfo[39m: Low stock cron job scheduled.
2025-07-15 13:49:30 [32minfo[39m: Low stock cron job scheduled.
2025-07-15 13:49:35 [32minfo[39m: Low stock cron job scheduled.
2025-07-15 13:49:35 [32minfo[39m: Low stock cron job scheduled.
2025-07-15 13:53:36 [32minfo[39m: Low stock cron job scheduled.
2025-07-15 13:53:36 [32minfo[39m: Low stock cron job scheduled.
2025-07-15 13:53:54 [32minfo[39m: Low stock cron job scheduled.
2025-07-15 13:53:54 [32minfo[39m: Low stock cron job scheduled.
2025-07-15 13:54:53 [32minfo[39m: Low stock cron job scheduled.
2025-07-15 13:54:53 [32minfo[39m: Low stock cron job scheduled.
2025-07-15 14:22:41 [32minfo[39m: Low stock cron job scheduled.
2025-07-15 14:25:32 [32minfo[39m: Low stock cron job scheduled.
2025-07-15 14:27:19 [32minfo[39m: Low stock cron job scheduled.
2025-07-15 14:27:27 [32minfo[39m: Low stock cron job scheduled.
2025-07-15 14:27:35 [32minfo[39m: Low stock cron job scheduled.
2025-07-15 14:27:42 [32minfo[39m: Low stock cron job scheduled.
2025-07-15 14:27:58 [32minfo[39m: Low stock cron job scheduled.
2025-07-15 15:00:00 [32minfo[39m: Running low stock check...
2025-07-15 15:00:00 [32minfo[39m: No low stock products found.
2025-07-15 15:21:27 [32minfo[39m: Low stock cron job scheduled.
2025-07-15 15:21:34 [32minfo[39m: Low stock cron job scheduled.
2025-07-15 15:48:04 [32minfo[39m: Low stock cron job scheduled.
2025-07-15 15:48:22 [32minfo[39m: Low stock cron job scheduled.
2025-07-15 15:48:53 [32minfo[39m: Low stock cron job scheduled.
2025-07-15 15:50:01 [31merror[39m: ENOENT: no such file or directory, open 'C:\Users\vaish\vaishali\task\order-inventory-app\backend\uploads\1752574801684.png'
2025-07-15 15:50:02 [31merror[39m: ENOENT: no such file or directory, open 'C:\Users\vaish\vaishali\task\order-inventory-app\backend\uploads\1752574802720.png'
2025-07-15 15:52:58 [31merror[39m: ENOENT: no such file or directory, open 'C:\Users\vaish\vaishali\task\order-inventory-app\backend\uploads\1752574978570.png'
2025-07-15 15:52:59 [31merror[39m: ENOENT: no such file or directory, open 'C:\Users\vaish\vaishali\task\order-inventory-app\backend\uploads\1752574979622.png'
2025-07-15 15:53:00 [31merror[39m: ENOENT: no such file or directory, open 'C:\Users\vaish\vaishali\task\order-inventory-app\backend\uploads\1752574980074.png'
2025-07-15 15:53:01 [31merror[39m: ENOENT: no such file or directory, open 'C:\Users\vaish\vaishali\task\order-inventory-app\backend\uploads\1752574981099.png'
2025-07-15 15:55:58 [31merror[39m: ENOENT: no such file or directory, open 'C:\Users\vaish\vaishali\task\order-inventory-app\backend\uploads\1752575158630.png'
2025-07-15 15:55:59 [31merror[39m: ENOENT: no such file or directory, open 'C:\Users\vaish\vaishali\task\order-inventory-app\backend\uploads\1752575159664.png'
2025-07-15 16:00:00 [32minfo[39m: Running low stock check...
2025-07-15 16:00:00 [33mwarn[39m: Low stock alert!
2025-07-15 16:00:00 [33mwarn[39m: Product: LED Monitor 24-inch (SKU: PROD-004) has 10 units left.
2025-07-15 16:00:24 [32minfo[39m: Low stock cron job scheduled.
2025-07-15 16:00:35 [32minfo[39m: Low stock cron job scheduled.
2025-07-15 16:00:51 [32minfo[39m: Low stock cron job scheduled.
2025-07-15 16:00:59 [32minfo[39m: Low stock cron job scheduled.
2025-07-15 16:05:52 [32minfo[39m: Low stock cron job scheduled.
2025-07-15 16:17:30 [32minfo[39m: Low stock cron job scheduled.
2025-07-15 16:17:36 [32minfo[39m: Low stock cron job scheduled.
2025-07-15 16:34:20 [32minfo[39m: Low stock cron job scheduled.
2025-07-15 16:35:53 [32minfo[39m: Low stock cron job scheduled.
2025-07-15 16:57:31 [32minfo[39m: Low stock cron job scheduled.
2025-07-15 16:57:40 [32minfo[39m: Low stock cron job scheduled.
2025-07-15 17:00:00 [32minfo[39m: Running low stock check...
2025-07-15 17:00:00 [32minfo[39m: No low stock products found.
2025-07-15 17:01:46 [32minfo[39m: Low stock cron job scheduled.
2025-07-15 17:04:27 [31merror[39m: ENOENT: no such file or directory, open 'C:\Users\vaish\vaishali\task\order-inventory-app\backend\uploads\1752579267547.png'
2025-07-15 17:04:28 [31merror[39m: ENOENT: no such file or directory, open 'C:\Users\vaish\vaishali\task\order-inventory-app\backend\uploads\1752579268576.png'
2025-07-15 17:11:03 [32minfo[39m: Low stock cron job scheduled.
2025-07-15 17:35:14 [32minfo[39m: Low stock cron job scheduled.
2025-07-15 17:40:32 [32minfo[39m: Low stock cron job scheduled.
2025-07-15 17:41:54 [32minfo[39m: Low stock cron job scheduled.
2025-07-15 17:42:02 [32minfo[39m: Low stock cron job scheduled.
2025-07-15 17:43:39 [32minfo[39m: Low stock cron job scheduled.
2025-07-15 17:43:55 [32minfo[39m: Low stock cron job scheduled.
2025-07-15 17:44:23 [32minfo[39m: Low stock cron job scheduled.
2025-07-15 17:58:03 [32minfo[39m: Low stock cron job scheduled.
2025-07-15 18:00:00 [32minfo[39m: Running low stock check...
2025-07-15 18:00:00 [32minfo[39m: No low stock products found.
2025-07-15 18:07:53 [32minfo[39m: Low stock cron job scheduled.
2025-07-15 18:19:25 [32minfo[39m: Low stock cron job scheduled.
2025-07-15 18:22:01 [32minfo[39m: Low stock cron job scheduled.
2025-07-15 18:28:18 [32minfo[39m: Low stock cron job scheduled.
2025-07-15 18:30:17 [32minfo[39m: Low stock cron job scheduled.
2025-07-15 18:31:09 [32minfo[39m: Low stock cron job scheduled.
2025-07-15 18:32:02 [32minfo[39m: Low stock cron job scheduled.
2025-07-15 18:36:22 [32minfo[39m: Low stock cron job scheduled.
2025-07-15 18:37:27 [32minfo[39m: Low stock cron job scheduled.
2025-07-15 18:43:09 [32minfo[39m: Low stock cron job scheduled.
2025-07-15 18:44:03 [32minfo[39m: Low stock cron job scheduled.
2025-07-15 18:45:54 [32minfo[39m: Low stock cron job scheduled.
2025-07-15 18:46:24 [32minfo[39m: Low stock cron job scheduled.
2025-07-15 18:47:19 [32minfo[39m: Low stock cron job scheduled.
2025-07-15 18:47:47 [32minfo[39m: Low stock cron job scheduled.
2025-07-15 18:48:13 [32minfo[39m: Low stock cron job scheduled.
2025-07-15 18:49:01 [32minfo[39m: Low stock cron job scheduled.
2025-07-15 19:00:00 [32minfo[39m: Running low stock check...
2025-07-15 19:00:00 [33mwarn[39m: Low stock alert!
2025-07-15 19:00:00 [33mwarn[39m: Product: Wireless Mouse (SKU: PROD-0051) has 1 units left.
2025-07-15 19:01:24 [32minfo[39m: Low stock cron job scheduled.
2025-07-15 19:01:51 [32minfo[39m: Low stock cron job scheduled.
2025-07-15 19:03:36 [32minfo[39m: Low stock cron job scheduled.
2025-07-15 19:03:50 [32minfo[39m: Low stock cron job scheduled.
2025-07-15 19:04:24 [32minfo[39m: Low stock cron job scheduled.
2025-07-15 19:09:35 [32minfo[39m: Low stock cron job scheduled.
2025-07-15 19:10:36 [32minfo[39m: Low stock cron job scheduled.
2025-07-15 19:10:52 [32minfo[39m: Low stock cron job scheduled.
2025-07-15 19:22:59 [32minfo[39m: Low stock cron job scheduled.
2025-07-15 19:29:10 [32minfo[39m: Low stock cron job scheduled.
